0 - 0.600000
500 - 0.600000
1000 - 0.600000
1500 - 0.600000
2000 - 0.600000
2500 - 0.600000
3000 - 0.600000
3500 - 0.600000
4000 - 0.600000
4500 - 0.600000
5000 - 0.600000
5500 - 0.600000
6000 - 0.600000
6500 - 0.600000
7000 - 0.600000
7500 - 0.600000
8000 - 0.600000
8500 - 0.600000
9000 - 0.600000
9500 - 0.600000
10000 - 0.600000
10500 - 0.600000
11000 - 0.600000
11500 - 0.600000
12000 - 0.600000
12500 - 0.600000
13000 - 0.600000
13500 - 0.600000
14000 - 0.600000
14500 - 0.600000
15000 - 0.600000
15500 - 0.600000
16000 - 0.600000
16500 - 0.600000
17000 - 0.600000
17500 - 0.600000
18000 - 0.600000
18500 - 0.600000
19000 - 0.600000
19500 - 0.600000
